<?xml version="1.0" encoding="UTF-8"?>
<testng-results skipped="0" failed="0" ignored="0" total="0" passed="0">
  <reporter-output>
  </reporter-output>
  <suite name="stepDefinition.TestRunner" duration-ms="6" started-at="2023-05-05T11:33:53 IST" finished-at="2023-05-05T11:33:53 IST">
    <groups>
    </groups>
    <test name="Command line test" duration-ms="6" started-at="2023-05-05T11:33:53 IST" finished-at="2023-05-05T11:33:53 IST">
    </test> <!-- Command line test -->
  </suite> <!-- stepDefinition.TestRunner -->
</testng-results>
